[2025-06-01 00:29:01:291] [31MERROR[39M
[31muncaughtException: Cannot find module './routes/user'[39m
[31mRequire stack:[39m
[31m- /Users/anurag/Downloads/codestream/backend/index.js[39m
[31mError: Cannot find module './routes/user'[39m
[31mRequire stack:[39m
[31m- /Users/anurag/Downloads/codestream/backend/index.js[39m
[31m    at Function._resolveFilename (node:internal/modules/cjs/loader:1405:15)[39m
[31m    at defaultResolveImpl (node:internal/modules/cjs/loader:1061:19)[39m
[31m    at resolveForCJSWithHooks (node:internal/modules/cjs/loader:1066:22)[39m
[31m    at Function._load (node:internal/modules/cjs/loader:1215:37)[39m
[31m    at TracingChannel.traceSync (node:diagnostics_channel:322:14)[39m
[31m    at wrapModuleLoad (node:internal/modules/cjs/loader:235:24)[39m
[31m    at Module.require (node:internal/modules/cjs/loader:1491:12)[39m
[31m    at require (node:internal/modules/helpers:135:16)[39m
[31m    at Object.<anonymous> (/Users/anurag/Downloads/codestream/backend/index.js:24:19)[39m
[31m    at Module._compile (node:internal/modules/cjs/loader:1734:14)[39m

Error: Cannot find module './routes/user'
Require stack:
- /Users/anurag/Downloads/codestream/backend/index.js
Stack:
Error: Cannot find module './routes/user'
Require stack:
- /Users/anurag/Downloads/codestream/backend/index.js
    at Function._resolveFilename (node:internal/modules/cjs/loader:1405:15)
    at defaultResolveImpl (node:internal/modules/cjs/loader:1061:19)
    at resolveForCJSWithHooks (node:internal/modules/cjs/loader:1066:22)
    at Function._load (node:internal/modules/cjs/loader:1215:37)
    at TracingChannel.traceSync (node:diagnostics_channel:322:14)
    at wrapModuleLoad (node:internal/modules/cjs/loader:235:24)
    at Module.require (node:internal/modules/cjs/loader:1491:12)
    at require (node:internal/modules/helpers:135:16)
    at Object.<anonymous> (/Users/anurag/Downloads/codestream/backend/index.js:24:19)
    at Module._compile (node:internal/modules/cjs/loader:1734:14)
[2025-06-01 00:29:01:291] [31MERROR[39M
[31muncaughtException: Cannot find module './routes/user'[39m
[31mRequire stack:[39m
[31m- /Users/anurag/Downloads/codestream/backend/index.js[39m
[31mError: Cannot find module './routes/user'[39m
[31mRequire stack:[39m
[31m- /Users/anurag/Downloads/codestream/backend/index.js[39m
[31m    at Function._resolveFilename (node:internal/modules/cjs/loader:1405:15)[39m
[31m    at defaultResolveImpl (node:internal/modules/cjs/loader:1061:19)[39m
[31m    at resolveForCJSWithHooks (node:internal/modules/cjs/loader:1066:22)[39m
[31m    at Function._load (node:internal/modules/cjs/loader:1215:37)[39m
[31m    at TracingChannel.traceSync (node:diagnostics_channel:322:14)[39m
[31m    at wrapModuleLoad (node:internal/modules/cjs/loader:235:24)[39m
[31m    at Module.require (node:internal/modules/cjs/loader:1491:12)[39m
[31m    at require (node:internal/modules/helpers:135:16)[39m
[31m    at Object.<anonymous> (/Users/anurag/Downloads/codestream/backend/index.js:24:19)[39m
[31m    at Module._compile (node:internal/modules/cjs/loader:1734:14)[39m

Error: Cannot find module './routes/user'
Require stack:
- /Users/anurag/Downloads/codestream/backend/index.js
Stack:
Error: Cannot find module './routes/user'
Require stack:
- /Users/anurag/Downloads/codestream/backend/index.js
    at Function._resolveFilename (node:internal/modules/cjs/loader:1405:15)
    at defaultResolveImpl (node:internal/modules/cjs/loader:1061:19)
    at resolveForCJSWithHooks (node:internal/modules/cjs/loader:1066:22)
    at Function._load (node:internal/modules/cjs/loader:1215:37)
    at TracingChannel.traceSync (node:diagnostics_channel:322:14)
    at wrapModuleLoad (node:internal/modules/cjs/loader:235:24)
    at Module.require (node:internal/modules/cjs/loader:1491:12)
    at require (node:internal/modules/helpers:135:16)
    at Object.<anonymous> (/Users/anurag/Downloads/codestream/backend/index.js:24:19)
    at Module._compile (node:internal/modules/cjs/loader:1734:14)
[2025-06-01 00:29:02:292] [31MERROR[39M
[31muncaughtException: Cannot find module './routes/user'[39m
[31mRequire stack:[39m
[31m- /Users/anurag/Downloads/codestream/backend/index.js[39m
[31mError: Cannot find module './routes/user'[39m
[31mRequire stack:[39m
[31m- /Users/anurag/Downloads/codestream/backend/index.js[39m
[31m    at Function._resolveFilename (node:internal/modules/cjs/loader:1405:15)[39m
[31m    at defaultResolveImpl (node:internal/modules/cjs/loader:1061:19)[39m
[31m    at resolveForCJSWithHooks (node:internal/modules/cjs/loader:1066:22)[39m
[31m    at Function._load (node:internal/modules/cjs/loader:1215:37)[39m
[31m    at TracingChannel.traceSync (node:diagnostics_channel:322:14)[39m
[31m    at wrapModuleLoad (node:internal/modules/cjs/loader:235:24)[39m
[31m    at Module.require (node:internal/modules/cjs/loader:1491:12)[39m
[31m    at require (node:internal/modules/helpers:135:16)[39m
[31m    at Object.<anonymous> (/Users/anurag/Downloads/codestream/backend/index.js:24:19)[39m
[31m    at Module._compile (node:internal/modules/cjs/loader:1734:14)[39m

Error: Cannot find module './routes/user'
Require stack:
- /Users/anurag/Downloads/codestream/backend/index.js
Stack:
Error: Cannot find module './routes/user'
Require stack:
- /Users/anurag/Downloads/codestream/backend/index.js
    at Function._resolveFilename (node:internal/modules/cjs/loader:1405:15)
    at defaultResolveImpl (node:internal/modules/cjs/loader:1061:19)
    at resolveForCJSWithHooks (node:internal/modules/cjs/loader:1066:22)
    at Function._load (node:internal/modules/cjs/loader:1215:37)
    at TracingChannel.traceSync (node:diagnostics_channel:322:14)
    at wrapModuleLoad (node:internal/modules/cjs/loader:235:24)
    at Module.require (node:internal/modules/cjs/loader:1491:12)
    at require (node:internal/modules/helpers:135:16)
    at Object.<anonymous> (/Users/anurag/Downloads/codestream/backend/index.js:24:19)
    at Module._compile (node:internal/modules/cjs/loader:1734:14)
[2025-06-01 00:29:19:2919] [31MERROR[39M
[31muncaughtException: Cannot find module './routes/user'[39m
[31mRequire stack:[39m
[31m- /Users/anurag/Downloads/codestream/backend/index.js[39m
[31mError: Cannot find module './routes/user'[39m
[31mRequire stack:[39m
[31m- /Users/anurag/Downloads/codestream/backend/index.js[39m
[31m    at Function._resolveFilename (node:internal/modules/cjs/loader:1405:15)[39m
[31m    at defaultResolveImpl (node:internal/modules/cjs/loader:1061:19)[39m
[31m    at resolveForCJSWithHooks (node:internal/modules/cjs/loader:1066:22)[39m
[31m    at Function._load (node:internal/modules/cjs/loader:1215:37)[39m
[31m    at TracingChannel.traceSync (node:diagnostics_channel:322:14)[39m
[31m    at wrapModuleLoad (node:internal/modules/cjs/loader:235:24)[39m
[31m    at Module.require (node:internal/modules/cjs/loader:1491:12)[39m
[31m    at require (node:internal/modules/helpers:135:16)[39m
[31m    at Object.<anonymous> (/Users/anurag/Downloads/codestream/backend/index.js:24:19)[39m
[31m    at Module._compile (node:internal/modules/cjs/loader:1734:14)[39m

Error: Cannot find module './routes/user'
Require stack:
- /Users/anurag/Downloads/codestream/backend/index.js
Stack:
Error: Cannot find module './routes/user'
Require stack:
- /Users/anurag/Downloads/codestream/backend/index.js
    at Function._resolveFilename (node:internal/modules/cjs/loader:1405:15)
    at defaultResolveImpl (node:internal/modules/cjs/loader:1061:19)
    at resolveForCJSWithHooks (node:internal/modules/cjs/loader:1066:22)
    at Function._load (node:internal/modules/cjs/loader:1215:37)
    at TracingChannel.traceSync (node:diagnostics_channel:322:14)
    at wrapModuleLoad (node:internal/modules/cjs/loader:235:24)
    at Module.require (node:internal/modules/cjs/loader:1491:12)
    at require (node:internal/modules/helpers:135:16)
    at Object.<anonymous> (/Users/anurag/Downloads/codestream/backend/index.js:24:19)
    at Module._compile (node:internal/modules/cjs/loader:1734:14)
[2025-06-01 22:12:55:1255] [31MERROR[39M
[31muncaughtException: Cannot find module '../utils/emailUtils'[39m
[31mRequire stack:[39m
[31m- /Users/anurag/Downloads/codestream/backend/routes/auth.js[39m
[31m- /Users/anurag/Downloads/codestream/backend/index.js[39m
[31mError: Cannot find module '../utils/emailUtils'[39m
[31mRequire stack:[39m
[31m- /Users/anurag/Downloads/codestream/backend/routes/auth.js[39m
[31m- /Users/anurag/Downloads/codestream/backend/index.js[39m
[31m    at Function._resolveFilename (node:internal/modules/cjs/loader:1405:15)[39m
[31m    at defaultResolveImpl (node:internal/modules/cjs/loader:1061:19)[39m
[31m    at resolveForCJSWithHooks (node:internal/modules/cjs/loader:1066:22)[39m
[31m    at Function._load (node:internal/modules/cjs/loader:1215:37)[39m
[31m    at TracingChannel.traceSync (node:diagnostics_channel:322:14)[39m
[31m    at wrapModuleLoad (node:internal/modules/cjs/loader:235:24)[39m
[31m    at Module.require (node:internal/modules/cjs/loader:1491:12)[39m
[31m    at require (node:internal/modules/helpers:135:16)[39m
[31m    at Object.<anonymous> (/Users/anurag/Downloads/codestream/backend/routes/auth.js:10:35)[39m
[31m    at Module._compile (node:internal/modules/cjs/loader:1734:14)[39m

Error: Cannot find module '../utils/emailUtils'
Require stack:
- /Users/anurag/Downloads/codestream/backend/routes/auth.js
- /Users/anurag/Downloads/codestream/backend/index.js
Stack:
Error: Cannot find module '../utils/emailUtils'
Require stack:
- /Users/anurag/Downloads/codestream/backend/routes/auth.js
- /Users/anurag/Downloads/codestream/backend/index.js
    at Function._resolveFilename (node:internal/modules/cjs/loader:1405:15)
    at defaultResolveImpl (node:internal/modules/cjs/loader:1061:19)
    at resolveForCJSWithHooks (node:internal/modules/cjs/loader:1066:22)
    at Function._load (node:internal/modules/cjs/loader:1215:37)
    at TracingChannel.traceSync (node:diagnostics_channel:322:14)
    at wrapModuleLoad (node:internal/modules/cjs/loader:235:24)
    at Module.require (node:internal/modules/cjs/loader:1491:12)
    at require (node:internal/modules/helpers:135:16)
    at Object.<anonymous> (/Users/anurag/Downloads/codestream/backend/routes/auth.js:10:35)
    at Module._compile (node:internal/modules/cjs/loader:1734:14)
[2025-06-01 22:12:58:1258] [31MERROR[39M
[31muncaughtException: Cannot find module '../utils/emailUtils'[39m
[31mRequire stack:[39m
[31m- /Users/anurag/Downloads/codestream/backend/routes/auth.js[39m
[31m- /Users/anurag/Downloads/codestream/backend/index.js[39m
[31mError: Cannot find module '../utils/emailUtils'[39m
[31mRequire stack:[39m
[31m- /Users/anurag/Downloads/codestream/backend/routes/auth.js[39m
[31m- /Users/anurag/Downloads/codestream/backend/index.js[39m
[31m    at Function._resolveFilename (node:internal/modules/cjs/loader:1405:15)[39m
[31m    at defaultResolveImpl (node:internal/modules/cjs/loader:1061:19)[39m
[31m    at resolveForCJSWithHooks (node:internal/modules/cjs/loader:1066:22)[39m
[31m    at Function._load (node:internal/modules/cjs/loader:1215:37)[39m
[31m    at TracingChannel.traceSync (node:diagnostics_channel:322:14)[39m
[31m    at wrapModuleLoad (node:internal/modules/cjs/loader:235:24)[39m
[31m    at Module.require (node:internal/modules/cjs/loader:1491:12)[39m
[31m    at require (node:internal/modules/helpers:135:16)[39m
[31m    at Object.<anonymous> (/Users/anurag/Downloads/codestream/backend/routes/auth.js:10:35)[39m
[31m    at Module._compile (node:internal/modules/cjs/loader:1734:14)[39m

Error: Cannot find module '../utils/emailUtils'
Require stack:
- /Users/anurag/Downloads/codestream/backend/routes/auth.js
- /Users/anurag/Downloads/codestream/backend/index.js
Stack:
Error: Cannot find module '../utils/emailUtils'
Require stack:
- /Users/anurag/Downloads/codestream/backend/routes/auth.js
- /Users/anurag/Downloads/codestream/backend/index.js
    at Function._resolveFilename (node:internal/modules/cjs/loader:1405:15)
    at defaultResolveImpl (node:internal/modules/cjs/loader:1061:19)
    at resolveForCJSWithHooks (node:internal/modules/cjs/loader:1066:22)
    at Function._load (node:internal/modules/cjs/loader:1215:37)
    at TracingChannel.traceSync (node:diagnostics_channel:322:14)
    at wrapModuleLoad (node:internal/modules/cjs/loader:235:24)
    at Module.require (node:internal/modules/cjs/loader:1491:12)
    at require (node:internal/modules/helpers:135:16)
    at Object.<anonymous> (/Users/anurag/Downloads/codestream/backend/routes/auth.js:10:35)
    at Module._compile (node:internal/modules/cjs/loader:1734:14)
[2025-06-01 23:55:59:5559] [31MERROR[39M
[31muncaughtException: Cannot find module 'multer'[39m
[31mRequire stack:[39m
[31m- /Users/anurag/Downloads/codestream/backend/routes/auth/profile.js[39m
[31m- /Users/anurag/Downloads/codestream/backend/index.js[39m
[31mError: Cannot find module 'multer'[39m
[31mRequire stack:[39m
[31m- /Users/anurag/Downloads/codestream/backend/routes/auth/profile.js[39m
[31m- /Users/anurag/Downloads/codestream/backend/index.js[39m
[31m    at Function._resolveFilename (node:internal/modules/cjs/loader:1405:15)[39m
[31m    at defaultResolveImpl (node:internal/modules/cjs/loader:1061:19)[39m
[31m    at resolveForCJSWithHooks (node:internal/modules/cjs/loader:1066:22)[39m
[31m    at Function._load (node:internal/modules/cjs/loader:1215:37)[39m
[31m    at TracingChannel.traceSync (node:diagnostics_channel:322:14)[39m
[31m    at wrapModuleLoad (node:internal/modules/cjs/loader:235:24)[39m
[31m    at Module.require (node:internal/modules/cjs/loader:1491:12)[39m
[31m    at require (node:internal/modules/helpers:135:16)[39m
[31m    at Object.<anonymous> (/Users/anurag/Downloads/codestream/backend/routes/auth/profile.js:8:16)[39m
[31m    at Module._compile (node:internal/modules/cjs/loader:1734:14)[39m

Error: Cannot find module 'multer'
Require stack:
- /Users/anurag/Downloads/codestream/backend/routes/auth/profile.js
- /Users/anurag/Downloads/codestream/backend/index.js
Stack:
Error: Cannot find module 'multer'
Require stack:
- /Users/anurag/Downloads/codestream/backend/routes/auth/profile.js
- /Users/anurag/Downloads/codestream/backend/index.js
    at Function._resolveFilename (node:internal/modules/cjs/loader:1405:15)
    at defaultResolveImpl (node:internal/modules/cjs/loader:1061:19)
    at resolveForCJSWithHooks (node:internal/modules/cjs/loader:1066:22)
    at Function._load (node:internal/modules/cjs/loader:1215:37)
    at TracingChannel.traceSync (node:diagnostics_channel:322:14)
    at wrapModuleLoad (node:internal/modules/cjs/loader:235:24)
    at Module.require (node:internal/modules/cjs/loader:1491:12)
    at require (node:internal/modules/helpers:135:16)
    at Object.<anonymous> (/Users/anurag/Downloads/codestream/backend/routes/auth/profile.js:8:16)
    at Module._compile (node:internal/modules/cjs/loader:1734:14)
[2025-06-01 23:56:33:5633] [31MERROR[39M
[31muncaughtException: Cannot find module 'multer'[39m
[31mRequire stack:[39m
[31m- /Users/anurag/Downloads/codestream/backend/routes/auth/profile.js[39m
[31m- /Users/anurag/Downloads/codestream/backend/index.js[39m
[31mError: Cannot find module 'multer'[39m
[31mRequire stack:[39m
[31m- /Users/anurag/Downloads/codestream/backend/routes/auth/profile.js[39m
[31m- /Users/anurag/Downloads/codestream/backend/index.js[39m
[31m    at Function._resolveFilename (node:internal/modules/cjs/loader:1405:15)[39m
[31m    at defaultResolveImpl (node:internal/modules/cjs/loader:1061:19)[39m
[31m    at resolveForCJSWithHooks (node:internal/modules/cjs/loader:1066:22)[39m
[31m    at Function._load (node:internal/modules/cjs/loader:1215:37)[39m
[31m    at TracingChannel.traceSync (node:diagnostics_channel:322:14)[39m
[31m    at wrapModuleLoad (node:internal/modules/cjs/loader:235:24)[39m
[31m    at Module.require (node:internal/modules/cjs/loader:1491:12)[39m
[31m    at require (node:internal/modules/helpers:135:16)[39m
[31m    at Object.<anonymous> (/Users/anurag/Downloads/codestream/backend/routes/auth/profile.js:8:16)[39m
[31m    at Module._compile (node:internal/modules/cjs/loader:1734:14)[39m

Error: Cannot find module 'multer'
Require stack:
- /Users/anurag/Downloads/codestream/backend/routes/auth/profile.js
- /Users/anurag/Downloads/codestream/backend/index.js
Stack:
Error: Cannot find module 'multer'
Require stack:
- /Users/anurag/Downloads/codestream/backend/routes/auth/profile.js
- /Users/anurag/Downloads/codestream/backend/index.js
    at Function._resolveFilename (node:internal/modules/cjs/loader:1405:15)
    at defaultResolveImpl (node:internal/modules/cjs/loader:1061:19)
    at resolveForCJSWithHooks (node:internal/modules/cjs/loader:1066:22)
    at Function._load (node:internal/modules/cjs/loader:1215:37)
    at TracingChannel.traceSync (node:diagnostics_channel:322:14)
    at wrapModuleLoad (node:internal/modules/cjs/loader:235:24)
    at Module.require (node:internal/modules/cjs/loader:1491:12)
    at require (node:internal/modules/helpers:135:16)
    at Object.<anonymous> (/Users/anurag/Downloads/codestream/backend/routes/auth/profile.js:8:16)
    at Module._compile (node:internal/modules/cjs/loader:1734:14)
[2025-06-01 23:56:38:5638] [31MERROR[39M
[31muncaughtException: Cannot find module 'multer'[39m
[31mRequire stack:[39m
[31m- /Users/anurag/Downloads/codestream/backend/routes/auth/profile.js[39m
[31m- /Users/anurag/Downloads/codestream/backend/index.js[39m
[31mError: Cannot find module 'multer'[39m
[31mRequire stack:[39m
[31m- /Users/anurag/Downloads/codestream/backend/routes/auth/profile.js[39m
[31m- /Users/anurag/Downloads/codestream/backend/index.js[39m
[31m    at Function._resolveFilename (node:internal/modules/cjs/loader:1405:15)[39m
[31m    at defaultResolveImpl (node:internal/modules/cjs/loader:1061:19)[39m
[31m    at resolveForCJSWithHooks (node:internal/modules/cjs/loader:1066:22)[39m
[31m    at Function._load (node:internal/modules/cjs/loader:1215:37)[39m
[31m    at TracingChannel.traceSync (node:diagnostics_channel:322:14)[39m
[31m    at wrapModuleLoad (node:internal/modules/cjs/loader:235:24)[39m
[31m    at Module.require (node:internal/modules/cjs/loader:1491:12)[39m
[31m    at require (node:internal/modules/helpers:135:16)[39m
[31m    at Object.<anonymous> (/Users/anurag/Downloads/codestream/backend/routes/auth/profile.js:8:16)[39m
[31m    at Module._compile (node:internal/modules/cjs/loader:1734:14)[39m

Error: Cannot find module 'multer'
Require stack:
- /Users/anurag/Downloads/codestream/backend/routes/auth/profile.js
- /Users/anurag/Downloads/codestream/backend/index.js
Stack:
Error: Cannot find module 'multer'
Require stack:
- /Users/anurag/Downloads/codestream/backend/routes/auth/profile.js
- /Users/anurag/Downloads/codestream/backend/index.js
    at Function._resolveFilename (node:internal/modules/cjs/loader:1405:15)
    at defaultResolveImpl (node:internal/modules/cjs/loader:1061:19)
    at resolveForCJSWithHooks (node:internal/modules/cjs/loader:1066:22)
    at Function._load (node:internal/modules/cjs/loader:1215:37)
    at TracingChannel.traceSync (node:diagnostics_channel:322:14)
    at wrapModuleLoad (node:internal/modules/cjs/loader:235:24)
    at Module.require (node:internal/modules/cjs/loader:1491:12)
    at require (node:internal/modules/helpers:135:16)
    at Object.<anonymous> (/Users/anurag/Downloads/codestream/backend/routes/auth/profile.js:8:16)
    at Module._compile (node:internal/modules/cjs/loader:1734:14)
[2025-06-01 23:57:01:571] [31MERROR[39M
[31muncaughtException: Cannot find module 'multer'[39m
[31mRequire stack:[39m
[31m- /Users/anurag/Downloads/codestream/backend/routes/auth/profile.js[39m
[31m- /Users/anurag/Downloads/codestream/backend/index.js[39m
[31mError: Cannot find module 'multer'[39m
[31mRequire stack:[39m
[31m- /Users/anurag/Downloads/codestream/backend/routes/auth/profile.js[39m
[31m- /Users/anurag/Downloads/codestream/backend/index.js[39m
[31m    at Function._resolveFilename (node:internal/modules/cjs/loader:1405:15)[39m
[31m    at defaultResolveImpl (node:internal/modules/cjs/loader:1061:19)[39m
[31m    at resolveForCJSWithHooks (node:internal/modules/cjs/loader:1066:22)[39m
[31m    at Function._load (node:internal/modules/cjs/loader:1215:37)[39m
[31m    at TracingChannel.traceSync (node:diagnostics_channel:322:14)[39m
[31m    at wrapModuleLoad (node:internal/modules/cjs/loader:235:24)[39m
[31m    at Module.require (node:internal/modules/cjs/loader:1491:12)[39m
[31m    at require (node:internal/modules/helpers:135:16)[39m
[31m    at Object.<anonymous> (/Users/anurag/Downloads/codestream/backend/routes/auth/profile.js:8:16)[39m
[31m    at Module._compile (node:internal/modules/cjs/loader:1734:14)[39m

Error: Cannot find module 'multer'
Require stack:
- /Users/anurag/Downloads/codestream/backend/routes/auth/profile.js
- /Users/anurag/Downloads/codestream/backend/index.js
Stack:
Error: Cannot find module 'multer'
Require stack:
- /Users/anurag/Downloads/codestream/backend/routes/auth/profile.js
- /Users/anurag/Downloads/codestream/backend/index.js
    at Function._resolveFilename (node:internal/modules/cjs/loader:1405:15)
    at defaultResolveImpl (node:internal/modules/cjs/loader:1061:19)
    at resolveForCJSWithHooks (node:internal/modules/cjs/loader:1066:22)
    at Function._load (node:internal/modules/cjs/loader:1215:37)
    at TracingChannel.traceSync (node:diagnostics_channel:322:14)
    at wrapModuleLoad (node:internal/modules/cjs/loader:235:24)
    at Module.require (node:internal/modules/cjs/loader:1491:12)
    at require (node:internal/modules/helpers:135:16)
    at Object.<anonymous> (/Users/anurag/Downloads/codestream/backend/routes/auth/profile.js:8:16)
    at Module._compile (node:internal/modules/cjs/loader:1734:14)
[2025-06-01 23:57:04:574] [31MERROR[39M
[31muncaughtException: Cannot find module 'multer'[39m
[31mRequire stack:[39m
[31m- /Users/anurag/Downloads/codestream/backend/routes/auth/profile.js[39m
[31m- /Users/anurag/Downloads/codestream/backend/index.js[39m
[31mError: Cannot find module 'multer'[39m
[31mRequire stack:[39m
[31m- /Users/anurag/Downloads/codestream/backend/routes/auth/profile.js[39m
[31m- /Users/anurag/Downloads/codestream/backend/index.js[39m
[31m    at Function._resolveFilename (node:internal/modules/cjs/loader:1405:15)[39m
[31m    at defaultResolveImpl (node:internal/modules/cjs/loader:1061:19)[39m
[31m    at resolveForCJSWithHooks (node:internal/modules/cjs/loader:1066:22)[39m
[31m    at Function._load (node:internal/modules/cjs/loader:1215:37)[39m
[31m    at TracingChannel.traceSync (node:diagnostics_channel:322:14)[39m
[31m    at wrapModuleLoad (node:internal/modules/cjs/loader:235:24)[39m
[31m    at Module.require (node:internal/modules/cjs/loader:1491:12)[39m
[31m    at require (node:internal/modules/helpers:135:16)[39m
[31m    at Object.<anonymous> (/Users/anurag/Downloads/codestream/backend/routes/auth/profile.js:8:16)[39m
[31m    at Module._compile (node:internal/modules/cjs/loader:1734:14)[39m

Error: Cannot find module 'multer'
Require stack:
- /Users/anurag/Downloads/codestream/backend/routes/auth/profile.js
- /Users/anurag/Downloads/codestream/backend/index.js
Stack:
Error: Cannot find module 'multer'
Require stack:
- /Users/anurag/Downloads/codestream/backend/routes/auth/profile.js
- /Users/anurag/Downloads/codestream/backend/index.js
    at Function._resolveFilename (node:internal/modules/cjs/loader:1405:15)
    at defaultResolveImpl (node:internal/modules/cjs/loader:1061:19)
    at resolveForCJSWithHooks (node:internal/modules/cjs/loader:1066:22)
    at Function._load (node:internal/modules/cjs/loader:1215:37)
    at TracingChannel.traceSync (node:diagnostics_channel:322:14)
    at wrapModuleLoad (node:internal/modules/cjs/loader:235:24)
    at Module.require (node:internal/modules/cjs/loader:1491:12)
    at require (node:internal/modules/helpers:135:16)
    at Object.<anonymous> (/Users/anurag/Downloads/codestream/backend/routes/auth/profile.js:8:16)
    at Module._compile (node:internal/modules/cjs/loader:1734:14)
[2025-06-01 23:57:37:5737] [31MERROR[39M
[31muncaughtException: Cannot find module 'multer'[39m
[31mRequire stack:[39m
[31m- /Users/anurag/Downloads/codestream/backend/routes/auth/profile.js[39m
[31m- /Users/anurag/Downloads/codestream/backend/index.js[39m
[31mError: Cannot find module 'multer'[39m
[31mRequire stack:[39m
[31m- /Users/anurag/Downloads/codestream/backend/routes/auth/profile.js[39m
[31m- /Users/anurag/Downloads/codestream/backend/index.js[39m
[31m    at Function._resolveFilename (node:internal/modules/cjs/loader:1405:15)[39m
[31m    at defaultResolveImpl (node:internal/modules/cjs/loader:1061:19)[39m
[31m    at resolveForCJSWithHooks (node:internal/modules/cjs/loader:1066:22)[39m
[31m    at Function._load (node:internal/modules/cjs/loader:1215:37)[39m
[31m    at TracingChannel.traceSync (node:diagnostics_channel:322:14)[39m
[31m    at wrapModuleLoad (node:internal/modules/cjs/loader:235:24)[39m
[31m    at Module.require (node:internal/modules/cjs/loader:1491:12)[39m
[31m    at require (node:internal/modules/helpers:135:16)[39m
[31m    at Object.<anonymous> (/Users/anurag/Downloads/codestream/backend/routes/auth/profile.js:8:16)[39m
[31m    at Module._compile (node:internal/modules/cjs/loader:1734:14)[39m

Error: Cannot find module 'multer'
Require stack:
- /Users/anurag/Downloads/codestream/backend/routes/auth/profile.js
- /Users/anurag/Downloads/codestream/backend/index.js
Stack:
Error: Cannot find module 'multer'
Require stack:
- /Users/anurag/Downloads/codestream/backend/routes/auth/profile.js
- /Users/anurag/Downloads/codestream/backend/index.js
    at Function._resolveFilename (node:internal/modules/cjs/loader:1405:15)
    at defaultResolveImpl (node:internal/modules/cjs/loader:1061:19)
    at resolveForCJSWithHooks (node:internal/modules/cjs/loader:1066:22)
    at Function._load (node:internal/modules/cjs/loader:1215:37)
    at TracingChannel.traceSync (node:diagnostics_channel:322:14)
    at wrapModuleLoad (node:internal/modules/cjs/loader:235:24)
    at Module.require (node:internal/modules/cjs/loader:1491:12)
    at require (node:internal/modules/helpers:135:16)
    at Object.<anonymous> (/Users/anurag/Downloads/codestream/backend/routes/auth/profile.js:8:16)
    at Module._compile (node:internal/modules/cjs/loader:1734:14)
