[2025-09-05 13:03:24:324] [31MERROR[39M
[31muncaughtException: OAuth2Strategy requires a clientID option[39m
[31mTypeError: OAuth2Strategy requires a clientID option[39m
[31m    at Strategy.OAuth2Strategy (/Users/anuragverma/Downloads/code_backend-main/node_modules/passport-oauth2/lib/strategy.js:87:34)[39m
[31m    at new Strategy (/Users/anuragverma/Downloads/code_backend-main/node_modules/passport-google-oauth20/lib/strategy.js:52:18)[39m
[31m    at Object.<anonymous> (/Users/anuragverma/Downloads/code_backend-main/config/passport.js:7:14)[39m
[31m    at Module._compile (node:internal/modules/cjs/loader:1730:14)[39m
[31m    at Object..js (node:internal/modules/cjs/loader:1895:10)[39m
[31m    at Module.load (node:internal/modules/cjs/loader:1465:32)[39m
[31m    at Function._load (node:internal/modules/cjs/loader:1282:12)[39m
[31m    at TracingChannel.traceSync (node:diagnostics_channel:322:14)[39m
[31m    at wrapModuleLoad (node:internal/modules/cjs/loader:235:24)[39m
[31m    at Module.require (node:internal/modules/cjs/loader:1487:12)[39m

Error: OAuth2Strategy requires a clientID option
Stack:
TypeError: OAuth2Strategy requires a clientID option
    at Strategy.OAuth2Strategy (/Users/anuragverma/Downloads/code_backend-main/node_modules/passport-oauth2/lib/strategy.js:87:34)
    at new Strategy (/Users/anuragverma/Downloads/code_backend-main/node_modules/passport-google-oauth20/lib/strategy.js:52:18)
    at Object.<anonymous> (/Users/anuragverma/Downloads/code_backend-main/config/passport.js:7:14)
    at Module._compile (node:internal/modules/cjs/loader:1730:14)
    at Object..js (node:internal/modules/cjs/loader:1895:10)
    at Module.load (node:internal/modules/cjs/loader:1465:32)
    at Function._load (node:internal/modules/cjs/loader:1282:12)
    at TracingChannel.traceSync (node:diagnostics_channel:322:14)
    at wrapModuleLoad (node:internal/modules/cjs/loader:235:24)
    at Module.require (node:internal/modules/cjs/loader:1487:12)
[2025-09-05 13:03:53:353] [31MERROR[39M
[31muncaughtException: OAuth2Strategy requires a clientID option[39m
[31mTypeError: OAuth2Strategy requires a clientID option[39m
[31m    at Strategy.OAuth2Strategy (/Users/anuragverma/Downloads/code_backend-main/node_modules/passport-oauth2/lib/strategy.js:87:34)[39m
[31m    at new Strategy (/Users/anuragverma/Downloads/code_backend-main/node_modules/passport-google-oauth20/lib/strategy.js:52:18)[39m
[31m    at Object.<anonymous> (/Users/anuragverma/Downloads/code_backend-main/config/passport.js:7:14)[39m
[31m    at Module._compile (node:internal/modules/cjs/loader:1730:14)[39m
[31m    at Object..js (node:internal/modules/cjs/loader:1895:10)[39m
[31m    at Module.load (node:internal/modules/cjs/loader:1465:32)[39m
[31m    at Function._load (node:internal/modules/cjs/loader:1282:12)[39m
[31m    at TracingChannel.traceSync (node:diagnostics_channel:322:14)[39m
[31m    at wrapModuleLoad (node:internal/modules/cjs/loader:235:24)[39m
[31m    at Module.require (node:internal/modules/cjs/loader:1487:12)[39m

Error: OAuth2Strategy requires a clientID option
Stack:
TypeError: OAuth2Strategy requires a clientID option
    at Strategy.OAuth2Strategy (/Users/anuragverma/Downloads/code_backend-main/node_modules/passport-oauth2/lib/strategy.js:87:34)
    at new Strategy (/Users/anuragverma/Downloads/code_backend-main/node_modules/passport-google-oauth20/lib/strategy.js:52:18)
    at Object.<anonymous> (/Users/anuragverma/Downloads/code_backend-main/config/passport.js:7:14)
    at Module._compile (node:internal/modules/cjs/loader:1730:14)
    at Object..js (node:internal/modules/cjs/loader:1895:10)
    at Module.load (node:internal/modules/cjs/loader:1465:32)
    at Function._load (node:internal/modules/cjs/loader:1282:12)
    at TracingChannel.traceSync (node:diagnostics_channel:322:14)
    at wrapModuleLoad (node:internal/modules/cjs/loader:235:24)
    at Module.require (node:internal/modules/cjs/loader:1487:12)
[2025-09-05 13:05:05:55] [31MERROR[39M
[31muncaughtException: OAuth2Strategy requires a clientID option[39m
[31mTypeError: OAuth2Strategy requires a clientID option[39m
[31m    at Strategy.OAuth2Strategy (/Users/anuragverma/Downloads/code_backend-main/node_modules/passport-oauth2/lib/strategy.js:87:34)[39m
[31m    at new Strategy (/Users/anuragverma/Downloads/code_backend-main/node_modules/passport-google-oauth20/lib/strategy.js:52:18)[39m
[31m    at Object.<anonymous> (/Users/anuragverma/Downloads/code_backend-main/config/passport.js:7:14)[39m
[31m    at Module._compile (node:internal/modules/cjs/loader:1730:14)[39m
[31m    at Object..js (node:internal/modules/cjs/loader:1895:10)[39m
[31m    at Module.load (node:internal/modules/cjs/loader:1465:32)[39m
[31m    at Function._load (node:internal/modules/cjs/loader:1282:12)[39m
[31m    at TracingChannel.traceSync (node:diagnostics_channel:322:14)[39m
[31m    at wrapModuleLoad (node:internal/modules/cjs/loader:235:24)[39m
[31m    at Module.require (node:internal/modules/cjs/loader:1487:12)[39m

Error: OAuth2Strategy requires a clientID option
Stack:
TypeError: OAuth2Strategy requires a clientID option
    at Strategy.OAuth2Strategy (/Users/anuragverma/Downloads/code_backend-main/node_modules/passport-oauth2/lib/strategy.js:87:34)
    at new Strategy (/Users/anuragverma/Downloads/code_backend-main/node_modules/passport-google-oauth20/lib/strategy.js:52:18)
    at Object.<anonymous> (/Users/anuragverma/Downloads/code_backend-main/config/passport.js:7:14)
    at Module._compile (node:internal/modules/cjs/loader:1730:14)
    at Object..js (node:internal/modules/cjs/loader:1895:10)
    at Module.load (node:internal/modules/cjs/loader:1465:32)
    at Function._load (node:internal/modules/cjs/loader:1282:12)
    at TracingChannel.traceSync (node:diagnostics_channel:322:14)
    at wrapModuleLoad (node:internal/modules/cjs/loader:235:24)
    at Module.require (node:internal/modules/cjs/loader:1487:12)
[2025-09-05 13:07:18:718] [31MERROR[39M
[31muncaughtException: OAuth2Strategy requires a clientID option[39m
[31mTypeError: OAuth2Strategy requires a clientID option[39m
[31m    at Strategy.OAuth2Strategy (/Users/anuragverma/Downloads/code_backend-main/node_modules/passport-oauth2/lib/strategy.js:87:34)[39m
[31m    at new Strategy (/Users/anuragverma/Downloads/code_backend-main/node_modules/passport-google-oauth20/lib/strategy.js:52:18)[39m
[31m    at Object.<anonymous> (/Users/anuragverma/Downloads/code_backend-main/config/passport.js:7:14)[39m
[31m    at Module._compile (node:internal/modules/cjs/loader:1730:14)[39m
[31m    at Object..js (node:internal/modules/cjs/loader:1895:10)[39m
[31m    at Module.load (node:internal/modules/cjs/loader:1465:32)[39m
[31m    at Function._load (node:internal/modules/cjs/loader:1282:12)[39m
[31m    at TracingChannel.traceSync (node:diagnostics_channel:322:14)[39m
[31m    at wrapModuleLoad (node:internal/modules/cjs/loader:235:24)[39m
[31m    at Module.require (node:internal/modules/cjs/loader:1487:12)[39m

Error: OAuth2Strategy requires a clientID option
Stack:
TypeError: OAuth2Strategy requires a clientID option
    at Strategy.OAuth2Strategy (/Users/anuragverma/Downloads/code_backend-main/node_modules/passport-oauth2/lib/strategy.js:87:34)
    at new Strategy (/Users/anuragverma/Downloads/code_backend-main/node_modules/passport-google-oauth20/lib/strategy.js:52:18)
    at Object.<anonymous> (/Users/anuragverma/Downloads/code_backend-main/config/passport.js:7:14)
    at Module._compile (node:internal/modules/cjs/loader:1730:14)
    at Object..js (node:internal/modules/cjs/loader:1895:10)
    at Module.load (node:internal/modules/cjs/loader:1465:32)
    at Function._load (node:internal/modules/cjs/loader:1282:12)
    at TracingChannel.traceSync (node:diagnostics_channel:322:14)
    at wrapModuleLoad (node:internal/modules/cjs/loader:235:24)
    at Module.require (node:internal/modules/cjs/loader:1487:12)
[2025-09-05 13:07:26:726] [31MERROR[39M
[31muncaughtException: OAuth2Strategy requires a clientID option[39m
[31mTypeError: OAuth2Strategy requires a clientID option[39m
[31m    at Strategy.OAuth2Strategy (/Users/anuragverma/Downloads/code_backend-main/node_modules/passport-oauth2/lib/strategy.js:87:34)[39m
[31m    at new Strategy (/Users/anuragverma/Downloads/code_backend-main/node_modules/passport-google-oauth20/lib/strategy.js:52:18)[39m
[31m    at Object.<anonymous> (/Users/anuragverma/Downloads/code_backend-main/config/passport.js:7:14)[39m
[31m    at Module._compile (node:internal/modules/cjs/loader:1730:14)[39m
[31m    at Object..js (node:internal/modules/cjs/loader:1895:10)[39m
[31m    at Module.load (node:internal/modules/cjs/loader:1465:32)[39m
[31m    at Function._load (node:internal/modules/cjs/loader:1282:12)[39m
[31m    at TracingChannel.traceSync (node:diagnostics_channel:322:14)[39m
[31m    at wrapModuleLoad (node:internal/modules/cjs/loader:235:24)[39m
[31m    at Module.require (node:internal/modules/cjs/loader:1487:12)[39m

Error: OAuth2Strategy requires a clientID option
Stack:
TypeError: OAuth2Strategy requires a clientID option
    at Strategy.OAuth2Strategy (/Users/anuragverma/Downloads/code_backend-main/node_modules/passport-oauth2/lib/strategy.js:87:34)
    at new Strategy (/Users/anuragverma/Downloads/code_backend-main/node_modules/passport-google-oauth20/lib/strategy.js:52:18)
    at Object.<anonymous> (/Users/anuragverma/Downloads/code_backend-main/config/passport.js:7:14)
    at Module._compile (node:internal/modules/cjs/loader:1730:14)
    at Object..js (node:internal/modules/cjs/loader:1895:10)
    at Module.load (node:internal/modules/cjs/loader:1465:32)
    at Function._load (node:internal/modules/cjs/loader:1282:12)
    at TracingChannel.traceSync (node:diagnostics_channel:322:14)
    at wrapModuleLoad (node:internal/modules/cjs/loader:235:24)
    at Module.require (node:internal/modules/cjs/loader:1487:12)
[2025-09-05 13:10:18:1018] [31MERROR[39M
[31muncaughtException: OAuth2Strategy requires a clientID option[39m
[31mTypeError: OAuth2Strategy requires a clientID option[39m
[31m    at Strategy.OAuth2Strategy (/Users/anuragverma/Downloads/code_backend-main/node_modules/passport-oauth2/lib/strategy.js:87:34)[39m
[31m    at new Strategy (/Users/anuragverma/Downloads/code_backend-main/node_modules/passport-google-oauth20/lib/strategy.js:52:18)[39m
[31m    at Object.<anonymous> (/Users/anuragverma/Downloads/code_backend-main/config/passport.js:7:14)[39m
[31m    at Module._compile (node:internal/modules/cjs/loader:1730:14)[39m
[31m    at Object..js (node:internal/modules/cjs/loader:1895:10)[39m
[31m    at Module.load (node:internal/modules/cjs/loader:1465:32)[39m
[31m    at Function._load (node:internal/modules/cjs/loader:1282:12)[39m
[31m    at TracingChannel.traceSync (node:diagnostics_channel:322:14)[39m
[31m    at wrapModuleLoad (node:internal/modules/cjs/loader:235:24)[39m
[31m    at Module.require (node:internal/modules/cjs/loader:1487:12)[39m

Error: OAuth2Strategy requires a clientID option
Stack:
TypeError: OAuth2Strategy requires a clientID option
    at Strategy.OAuth2Strategy (/Users/anuragverma/Downloads/code_backend-main/node_modules/passport-oauth2/lib/strategy.js:87:34)
    at new Strategy (/Users/anuragverma/Downloads/code_backend-main/node_modules/passport-google-oauth20/lib/strategy.js:52:18)
    at Object.<anonymous> (/Users/anuragverma/Downloads/code_backend-main/config/passport.js:7:14)
    at Module._compile (node:internal/modules/cjs/loader:1730:14)
    at Object..js (node:internal/modules/cjs/loader:1895:10)
    at Module.load (node:internal/modules/cjs/loader:1465:32)
    at Function._load (node:internal/modules/cjs/loader:1282:12)
    at TracingChannel.traceSync (node:diagnostics_channel:322:14)
    at wrapModuleLoad (node:internal/modules/cjs/loader:235:24)
    at Module.require (node:internal/modules/cjs/loader:1487:12)
[2025-09-05 13:11:25:1125] [31MERROR[39M
[31muncaughtException: OAuth2Strategy requires a clientID option[39m
[31mTypeError: OAuth2Strategy requires a clientID option[39m
[31m    at Strategy.OAuth2Strategy (/Users/anuragverma/Downloads/code_backend-main/node_modules/passport-oauth2/lib/strategy.js:87:34)[39m
[31m    at new Strategy (/Users/anuragverma/Downloads/code_backend-main/node_modules/passport-google-oauth20/lib/strategy.js:52:18)[39m
[31m    at Object.<anonymous> (/Users/anuragverma/Downloads/code_backend-main/config/passport.js:7:14)[39m
[31m    at Module._compile (node:internal/modules/cjs/loader:1730:14)[39m
[31m    at Object..js (node:internal/modules/cjs/loader:1895:10)[39m
[31m    at Module.load (node:internal/modules/cjs/loader:1465:32)[39m
[31m    at Function._load (node:internal/modules/cjs/loader:1282:12)[39m
[31m    at TracingChannel.traceSync (node:diagnostics_channel:322:14)[39m
[31m    at wrapModuleLoad (node:internal/modules/cjs/loader:235:24)[39m
[31m    at Module.require (node:internal/modules/cjs/loader:1487:12)[39m

Error: OAuth2Strategy requires a clientID option
Stack:
TypeError: OAuth2Strategy requires a clientID option
    at Strategy.OAuth2Strategy (/Users/anuragverma/Downloads/code_backend-main/node_modules/passport-oauth2/lib/strategy.js:87:34)
    at new Strategy (/Users/anuragverma/Downloads/code_backend-main/node_modules/passport-google-oauth20/lib/strategy.js:52:18)
    at Object.<anonymous> (/Users/anuragverma/Downloads/code_backend-main/config/passport.js:7:14)
    at Module._compile (node:internal/modules/cjs/loader:1730:14)
    at Object..js (node:internal/modules/cjs/loader:1895:10)
    at Module.load (node:internal/modules/cjs/loader:1465:32)
    at Function._load (node:internal/modules/cjs/loader:1282:12)
    at TracingChannel.traceSync (node:diagnostics_channel:322:14)
    at wrapModuleLoad (node:internal/modules/cjs/loader:235:24)
    at Module.require (node:internal/modules/cjs/loader:1487:12)
[2025-09-05 13:12:39:1239] [31MERROR[39M
[31muncaughtException: OAuth2Strategy requires a clientID option[39m
[31mTypeError: OAuth2Strategy requires a clientID option[39m
[31m    at Strategy.OAuth2Strategy (/Users/anuragverma/Downloads/code_backend-main/node_modules/passport-oauth2/lib/strategy.js:87:34)[39m
[31m    at new Strategy (/Users/anuragverma/Downloads/code_backend-main/node_modules/passport-google-oauth20/lib/strategy.js:52:18)[39m
[31m    at Object.<anonymous> (/Users/anuragverma/Downloads/code_backend-main/config/passport.js:7:14)[39m
[31m    at Module._compile (node:internal/modules/cjs/loader:1730:14)[39m
[31m    at Object..js (node:internal/modules/cjs/loader:1895:10)[39m
[31m    at Module.load (node:internal/modules/cjs/loader:1465:32)[39m
[31m    at Function._load (node:internal/modules/cjs/loader:1282:12)[39m
[31m    at TracingChannel.traceSync (node:diagnostics_channel:322:14)[39m
[31m    at wrapModuleLoad (node:internal/modules/cjs/loader:235:24)[39m
[31m    at Module.require (node:internal/modules/cjs/loader:1487:12)[39m

Error: OAuth2Strategy requires a clientID option
Stack:
TypeError: OAuth2Strategy requires a clientID option
    at Strategy.OAuth2Strategy (/Users/anuragverma/Downloads/code_backend-main/node_modules/passport-oauth2/lib/strategy.js:87:34)
    at new Strategy (/Users/anuragverma/Downloads/code_backend-main/node_modules/passport-google-oauth20/lib/strategy.js:52:18)
    at Object.<anonymous> (/Users/anuragverma/Downloads/code_backend-main/config/passport.js:7:14)
    at Module._compile (node:internal/modules/cjs/loader:1730:14)
    at Object..js (node:internal/modules/cjs/loader:1895:10)
    at Module.load (node:internal/modules/cjs/loader:1465:32)
    at Function._load (node:internal/modules/cjs/loader:1282:12)
    at TracingChannel.traceSync (node:diagnostics_channel:322:14)
    at wrapModuleLoad (node:internal/modules/cjs/loader:235:24)
    at Module.require (node:internal/modules/cjs/loader:1487:12)
